2020-09-26 10:21:37,628 ERROR [root] [__init__.py(<module>:5)] - error
2020-09-26 10:21:37,631 INFO [root] [__init__.py(<module>:6)] - info
2020-09-26 10:21:38,239 INFO [root] [login.py(test04_get_img_code_fail_random_char:52)] - r = fehadgcj
2020-09-26 10:21:38,441 INFO [root] [login.py(test05_get_sms_code_success:72)] - get sms code response = {'status': 200, 'description': '短信发送成功'}
2020-09-26 10:21:38,572 INFO [root] [login.py(test06_get_sms_code_fail_img_code_wrong:90)] - get sms code response = {'status': 100, 'description': '图片验证码错误'}
2020-09-26 10:21:38,695 INFO [root] [login.py(test07_get_sms_code_fail_img_code_is_null:108)] - get sms code response = {'status': 100, 'description': '图片验证码错误'}
2020-09-26 10:21:38,845 INFO [root] [login.py(test08_get_sms_code_fail_phone_is_null:125)] - get sms code response = {'status': 100}
2020-09-26 10:21:38,924 INFO [root] [login.py(test09_get_sms_code_fail_no_img_code:137)] - get sms code response = {'status': 100, 'description': '图片验证码错误'}
2020-09-26 10:21:39,091 INFO [root] [login.py(test10_register_success_param_must:155)] - get sms code response = {'status': 200, 'description': '短信发送成功'}
2020-09-26 10:21:39,161 INFO [root] [login.py(test10_register_success_param_must:162)] - get register response = {'status': 200, 'data': {'isLogin': '1'}, 'description': '注册成功'}
2020-09-26 10:21:39,309 INFO [root] [login.py(test11_register_success_param_all:180)] - get sms code response = {'status': 200, 'description': '短信发送成功'}
2020-09-26 10:21:39,377 INFO [root] [login.py(test11_register_success_param_all:187)] - get register response = {'status': 200, 'data': {'isLogin': '1'}, 'description': '注册成功'}
2020-09-26 10:21:39,494 INFO [root] [login.py(test12_register_fail_phone_is_exist:205)] - get sms code response = {'status': 200, 'description': '短信发送成功'}
2020-09-26 10:21:39,531 INFO [root] [login.py(test12_register_fail_phone_is_exist:212)] - get register response = {'status': 100, 'description': '手机已存在!'}
2020-09-26 10:21:39,693 INFO [root] [login.py(test13_register_fail_password_is_null:230)] - get sms code response = {'status': 200, 'description': '短信发送成功'}
2020-09-26 10:21:39,762 INFO [root] [login.py(test13_register_fail_password_is_null:237)] - get register response = {'status': 200, 'data': {'isLogin': '1'}, 'description': '注册成功'}
2020-09-26 10:21:39,910 INFO [root] [login.py(test14_register_fail_img_code_wrong:255)] - get sms code response = {'status': 200, 'description': '短信发送成功'}
2020-09-26 10:21:39,955 INFO [root] [login.py(test14_register_fail_img_code_wrong:262)] - get register response = {'status': 100, 'description': '验证码错误!'}
2020-09-26 10:21:40,103 INFO [root] [login.py(test15_register_fail_sms_code_wrong:280)] - get sms code response = {'status': 200, 'description': '短信发送成功'}
2020-09-26 10:21:40,155 INFO [root] [login.py(test15_register_fail_sms_code_wrong:287)] - get register response = {'status': 100, 'description': '验证码错误'}
2020-09-26 10:21:40,319 INFO [root] [login.py(test16_register_fail_no_promission:305)] - get sms code response = {'status': 200, 'description': '短信发送成功'}
2020-09-26 10:21:40,384 INFO [root] [login.py(test16_register_fail_no_promission:312)] - get register response = {'status': 200, 'data': {'isLogin': '1'}, 'description': '注册成功'}
2020-09-26 10:21:40,487 INFO [root] [login.py(test17_login_success:322)] - get login response = {'status': 200, 'description': '登录成功'}
2020-09-26 10:21:40,580 INFO [root] [login.py(test18_login_fail_phone_is_not_exist:332)] - get login response = {'status': 100, 'description': '用户不存在'}
2020-09-26 10:21:40,671 INFO [root] [login.py(test19_login_fail_pwd_is_null:342)] - get login response = {'status': 100, 'description': '密码不能为空'}
2020-09-26 10:21:40,774 INFO [root] [login.py(test20_login_fail_pwd_is_wrong:353)] - get login response = {'status': 100, 'data': {'login_error': 2}, 'description': '密码错误1次,达到3次将锁定账户'}
2020-09-26 10:21:40,828 INFO [root] [login.py(test20_login_fail_pwd_is_wrong:360)] - get login response = {'status': 100, 'data': {'login_error': 3}, 'description': '密码错误2次,达到3次将锁定账户'}
2020-09-26 10:21:40,885 INFO [root] [login.py(test20_login_fail_pwd_is_wrong:367)] - get login response = {'status': 100, 'description': '由于连续输入错误密码达到上限，账号已被锁定，请于1.0分钟后重新登录'}
2020-09-26 10:21:40,942 INFO [root] [login.py(test20_login_fail_pwd_is_wrong:374)] - get login response = {'status': 100, 'description': '由于连续输入错误密码达到上限，账号已被锁定，请于1.0分钟后重新登录'}
2020-09-26 10:22:41,006 INFO [root] [login.py(test20_login_fail_pwd_is_wrong:382)] - get login response = {'status': 200, 'description': '登录成功'}
2020-09-26 10:22:48,295 ERROR [root] [__init__.py(<module>:5)] - error
2020-09-26 10:22:48,295 INFO [root] [__init__.py(<module>:6)] - info
2020-09-26 10:22:48,833 INFO [root] [login.py(test04_get_img_code_fail_random_char:52)] - r = minfkgbd
2020-09-26 10:22:49,071 INFO [root] [login.py(test05_get_sms_code_success:72)] - get sms code response = {'status': 200, 'description': '短信发送成功'}
2020-09-26 10:22:49,195 INFO [root] [login.py(test06_get_sms_code_fail_img_code_wrong:90)] - get sms code response = {'status': 100, 'description': '图片验证码错误'}
2020-09-26 10:22:49,327 INFO [root] [login.py(test07_get_sms_code_fail_img_code_is_null:108)] - get sms code response = {'status': 100, 'description': '图片验证码错误'}
2020-09-26 10:22:49,445 INFO [root] [login.py(test08_get_sms_code_fail_phone_is_null:125)] - get sms code response = {'status': 100}
2020-09-26 10:22:49,525 INFO [root] [login.py(test09_get_sms_code_fail_no_img_code:137)] - get sms code response = {'status': 100, 'description': '图片验证码错误'}
2020-09-26 10:22:49,662 INFO [root] [login.py(test10_register_success_param_must:155)] - get sms code response = {'status': 200, 'description': '短信发送成功'}
2020-09-26 10:22:49,704 INFO [root] [login.py(test10_register_success_param_must:162)] - get register response = {'status': 100, 'description': '手机已存在!'}
2020-09-26 10:22:49,850 INFO [root] [login.py(test11_register_success_param_all:180)] - get sms code response = {'status': 200, 'description': '短信发送成功'}
2020-09-26 10:22:49,898 INFO [root] [login.py(test11_register_success_param_all:187)] - get register response = {'status': 100, 'description': '手机已存在!'}
2020-09-26 10:22:50,053 INFO [root] [login.py(test12_register_fail_phone_is_exist:205)] - get sms code response = {'status': 200, 'description': '短信发送成功'}
2020-09-26 10:22:50,102 INFO [root] [login.py(test12_register_fail_phone_is_exist:212)] - get register response = {'status': 100, 'description': '手机已存在!'}
2020-09-26 10:22:50,252 INFO [root] [login.py(test13_register_fail_password_is_null:230)] - get sms code response = {'status': 200, 'description': '短信发送成功'}
2020-09-26 10:22:50,303 INFO [root] [login.py(test13_register_fail_password_is_null:237)] - get register response = {'status': 100, 'description': '手机已存在!'}
2020-09-26 10:22:50,410 INFO [root] [login.py(test14_register_fail_img_code_wrong:255)] - get sms code response = {'status': 200, 'description': '短信发送成功'}
2020-09-26 10:22:50,441 INFO [root] [login.py(test14_register_fail_img_code_wrong:262)] - get register response = {'status': 100, 'description': '验证码错误!'}
2020-09-26 10:22:50,555 INFO [root] [login.py(test15_register_fail_sms_code_wrong:280)] - get sms code response = {'status': 200, 'description': '短信发送成功'}
2020-09-26 10:22:50,588 INFO [root] [login.py(test15_register_fail_sms_code_wrong:287)] - get register response = {'status': 100, 'description': '手机已存在!'}
2020-09-26 10:22:50,726 INFO [root] [login.py(test16_register_fail_no_promission:305)] - get sms code response = {'status': 200, 'description': '短信发送成功'}
2020-09-26 10:22:50,772 INFO [root] [login.py(test16_register_fail_no_promission:312)] - get register response = {'status': 100, 'description': '手机已存在!'}
2020-09-26 10:22:50,867 INFO [root] [login.py(test17_login_success:322)] - get login response = {'status': 200, 'description': '登录成功'}
2020-09-26 10:22:50,960 INFO [root] [login.py(test18_login_fail_phone_is_not_exist:332)] - get login response = {'status': 100, 'description': '用户不存在'}
2020-09-26 10:22:51,061 INFO [root] [login.py(test19_login_fail_pwd_is_null:342)] - get login response = {'status': 100, 'description': '密码不能为空'}
2020-09-26 10:22:51,170 INFO [root] [login.py(test20_login_fail_pwd_is_wrong:353)] - get login response = {'status': 100, 'data': {'login_error': 2}, 'description': '密码错误1次,达到3次将锁定账户'}
2020-09-26 10:22:51,218 INFO [root] [login.py(test20_login_fail_pwd_is_wrong:360)] - get login response = {'status': 100, 'data': {'login_error': 3}, 'description': '密码错误2次,达到3次将锁定账户'}
2020-09-26 10:22:51,268 INFO [root] [login.py(test20_login_fail_pwd_is_wrong:367)] - get login response = {'status': 100, 'description': '由于连续输入错误密码达到上限，账号已被锁定，请于1.0分钟后重新登录'}
2020-09-26 10:22:51,314 INFO [root] [login.py(test20_login_fail_pwd_is_wrong:374)] - get login response = {'status': 100, 'description': '由于连续输入错误密码达到上限，账号已被锁定，请于1.0分钟后重新登录'}
2020-09-26 10:23:51,374 INFO [root] [login.py(test20_login_fail_pwd_is_wrong:382)] - get login response = {'status': 200, 'description': '登录成功'}
